<?xml version="1.0" encoding="UTF-8"?>
<testng-results ignored="0" total="1" passed="1" failed="0" skipped="0">
  <reporter-output>
  </reporter-output>
  <suite started-at="2023-04-16T17:55:11Z" name="Jenkins cucumber github integration learning" finished-at="2023-04-16T17:55:24Z" duration-ms="13763">
    <groups>
      <group name="cucumber">
        <method signature="AbstractTestNGCucumberTests.runScenario(io.cucumber.testng.PickleWrapper, io.cucumber.testng.FeatureWrapper)[pri:0, instance:com.qa.lab.selenium.init.CucumberRunner@17046283]" name="runScenario" class="io.cucumber.testng.AbstractTestNGCucumberTests"/>
      </group> <!-- cucumber -->
    </groups>
    <test started-at="2023-04-16T17:55:11Z" name="Jenkins cucumber github integration learning" finished-at="2023-04-16T17:55:24Z" duration-ms="13763">
      <class name="com.qa.lab.selenium.init.CucumberRunner">
        <test-method is-config="true" signature="setUpClass(org.testng.ITestContext)[pri:0, instance:com.qa.lab.selenium.init.CucumberRunner@17046283]" started-at="2023-04-16T23:25:11Z" name="setUpClass" finished-at="2023-04-16T23:25:11Z" duration-ms="732" status="PASS">
          <params>
            <param index="0">
              <value>
                <![CDATA[org.testng.TestRunner@2577a95d]]>
              </value>
            </param>
          </params>
          <reporter-output>
          </reporter-output>
        </test-method> <!-- setUpClass -->
        <test-method signature="runScenario(io.cucumber.testng.PickleWrapper, io.cucumber.testng.FeatureWrapper)[pri:0, instance:com.qa.lab.selenium.init.CucumberRunner@17046283]" started-at="2023-04-16T23:25:11Z" name="runScenario" description="Runs Cucumber Scenarios" data-provider="scenarios" finished-at="2023-04-16T23:25:24Z" duration-ms="12951" status="PASS">
          <params>
            <param index="0">
              <value>
                <![CDATA["User should be able to launch FreshWork Homepage"]]>
              </value>
            </param>
            <param index="1">
              <value>
                <![CDATA["Freshwork Homepage is develope"]]>
              </value>
            </param>
          </params>
          <reporter-output>
          </reporter-output>
        </test-method> <!-- runScenario -->
        <test-method is-config="true" signature="tearDownClass()[pri:0, instance:com.qa.lab.selenium.init.CucumberRunner@17046283]" started-at="2023-04-16T23:25:24Z" name="tearDownClass" finished-at="2023-04-16T23:25:24Z" duration-ms="59" status="PASS">
          <reporter-output>
          </reporter-output>
        </test-method> <!-- tearDownClass -->
      </class> <!-- com.qa.lab.selenium.init.CucumberRunner -->
    </test> <!-- Jenkins cucumber github integration learning -->
  </suite> <!-- Jenkins cucumber github integration learning -->
</testng-results>
