<?xml version="1.0" encoding="UTF-8"?>
<testng-results ignored="0" total="1" passed="1" failed="0" skipped="0">
  <reporter-output>
  </reporter-output>
  <suite started-at="2023-04-17T05:47:45Z" name="Default suite" finished-at="2023-04-17T05:47:57Z" duration-ms="11830">
    <groups>
      <group name="cucumber">
        <method signature="AbstractTestNGCucumberTests.runScenario(io.cucumber.testng.PickleWrapper, io.cucumber.testng.FeatureWrapper)[pri:0, instance:com.qa.lab.selenium.init.CucumberRunnerTest@25df00a0]" name="runScenario" class="io.cucumber.testng.AbstractTestNGCucumberTests"/>
      </group> <!-- cucumber -->
    </groups>
    <test started-at="2023-04-17T05:47:45Z" name="Default test" finished-at="2023-04-17T05:47:57Z" duration-ms="11830">
      <class name="com.qa.lab.selenium.init.CucumberRunnerTest">
        <test-method is-config="true" signature="setUpClass(org.testng.ITestContext)[pri:0, instance:com.qa.lab.selenium.init.CucumberRunnerTest@25df00a0]" started-at="2023-04-17T11:17:45Z" name="setUpClass" finished-at="2023-04-17T11:17:46Z" duration-ms="642" status="PASS">
          <params>
            <param index="0">
              <value>
                <![CDATA[org.testng.TestRunner@7f353a0f]]>
              </value>
            </param>
          </params>
          <reporter-output>
          </reporter-output>
        </test-method> <!-- setUpClass -->
        <test-method signature="runScenario(io.cucumber.testng.PickleWrapper, io.cucumber.testng.FeatureWrapper)[pri:0, instance:com.qa.lab.selenium.init.CucumberRunnerTest@25df00a0]" started-at="2023-04-17T11:17:46Z" name="runScenario" description="Runs Cucumber Scenarios" data-provider="scenarios" finished-at="2023-04-17T11:17:57Z" duration-ms="11074" status="PASS">
          <params>
            <param index="0">
              <value>
                <![CDATA["User should be able to launch FreshWork Homepage"]]>
              </value>
            </param>
            <param index="1">
              <value>
                <![CDATA["Freshwork Homepage is develope"]]>
              </value>
            </param>
          </params>
          <reporter-output>
          </reporter-output>
        </test-method> <!-- runScenario -->
        <test-method is-config="true" signature="tearDownClass()[pri:0, instance:com.qa.lab.selenium.init.CucumberRunnerTest@25df00a0]" started-at="2023-04-17T11:17:57Z" name="tearDownClass" finished-at="2023-04-17T11:17:57Z" duration-ms="90" status="PASS">
          <reporter-output>
          </reporter-output>
        </test-method> <!-- tearDownClass -->
      </class> <!-- com.qa.lab.selenium.init.CucumberRunnerTest -->
    </test> <!-- Default test -->
  </suite> <!-- Default suite -->
</testng-results>
